2015-12-17 22:13:42 INFO  ContextLoader:307 - Root WebApplicationContext: initialization started
2015-12-17 22:13:42 INFO  XmlWebApplicationContext:577 - Refreshing Root WebApplicationContext: startup date [Thu Dec 17 22:13:42 EET 2015]; root of context hierarchy
2015-12-17 22:13:42 INFO  XmlBeanDefinitionReader:317 - Loading XML bean definitions from class path resource [applicationContext.xml]
2015-12-17 22:13:43 INFO  DbDao:27 - Constructor DbDao()...
2015-12-17 22:13:43 INFO  CategoryDbDao:21 - Constructor CategoryDbDao()...
2015-12-17 22:13:43 INFO  DbDao:27 - Constructor DbDao()...
2015-12-17 22:13:43 INFO  DbDao:27 - Constructor DbDao()...
2015-12-17 22:13:43 INFO  ProjectDbDao:25 - Constructor ProjectDbDao()...
2015-12-17 22:13:43 INFO  DbDao:27 - Constructor DbDao()...
2015-12-17 22:13:43 INFO  QuestionDbDao:27 - Constructor QuestionDbDao()...
2015-12-17 22:13:43 INFO  DbDao:27 - Constructor DbDao()...
2015-12-17 22:13:43 INFO  QuoteDbDao:24 - Constructor QuoteDbDao()...
2015-12-17 22:13:43 INFO  DbDao:27 - Constructor DbDao()...
2015-12-17 22:13:43 INFO  RewardDbDao:26 - Constructor RewardDbDao()...
2015-12-17 22:13:43 INFO  ContextLoader:347 - Root WebApplicationContext: initialization completed in 1547 ms
2015-12-17 22:13:43 INFO  ServletContext:24 - ServletContextListener started
2015-12-17 22:13:43 INFO  CategoriesServlet:39 - Starting spring autowiring...
2015-12-17 22:13:43 INFO  CategoriesServlet:41 - Ended spring autowiring...
2015-12-17 22:13:45 INFO  CategoriesServlet:47 - doGet()...
2015-12-17 22:13:45 INFO  DbDao:77 - <quote> get(1)...
2015-12-17 22:13:45 DEBUG DbDao:79 - <quote> get(1) built query: select text, author from quote where id = 1
2015-12-17 22:13:45 INFO  QuoteDbDao:51 - readElement()...
2015-12-17 22:13:45 DEBUG QuoteDbDao:55 - readElement() returned quote: There is only one boss. The customer. And he can fire everybody in the company from the chairman on down, simply by  spending his money somewhere else.- Author: Sam Walton
2015-12-17 22:13:45 INFO  DbDao:58 - <category> getAll()...
2015-12-17 22:13:45 DEBUG DbDao:61 - <category> getAll() built query: select id, name from category
2015-12-17 22:13:45 INFO  CategoryDbDao:32 - readElement()...
2015-12-17 22:13:45 DEBUG CategoryDbDao:36 - readElement() returned category: id: 1, name: Music
2015-12-17 22:13:45 INFO  CategoryDbDao:32 - readElement()...
2015-12-17 22:13:45 DEBUG CategoryDbDao:36 - readElement() returned category: id: 2, name: Food
2015-12-17 22:13:45 INFO  CategoryDbDao:32 - readElement()...
2015-12-17 22:13:45 DEBUG CategoryDbDao:36 - readElement() returned category: id: 3, name: Dances
2015-12-17 22:13:46 DEBUG DbDao:71 - <category> getAll() returned data: [id: 1, name: Music, id: 2, name: Food, id: 3, name: Dances]
2015-12-17 22:14:58 INFO  ServletContext:19 - ServletContextListener destroyed
2015-12-17 22:14:58 INFO  XmlWebApplicationContext:957 - Closing Root WebApplicationContext: startup date [Thu Dec 17 22:13:42 EET 2015]; root of context hierarchy
2015-12-17 22:33:14 INFO  ContextLoader:307 - Root WebApplicationContext: initialization started
2015-12-17 22:33:14 INFO  XmlWebApplicationContext:577 - Refreshing Root WebApplicationContext: startup date [Thu Dec 17 22:33:14 EET 2015]; root of context hierarchy
2015-12-17 22:33:14 INFO  XmlBeanDefinitionReader:317 - Loading XML bean definitions from class path resource [applicationContext.xml]
2015-12-17 22:33:15 INFO  DbDao:27 - Constructor DbDao()...
2015-12-17 22:33:15 INFO  CategoryDbDao:21 - Constructor CategoryDbDao()...
2015-12-17 22:33:15 INFO  DbDao:27 - Constructor DbDao()...
2015-12-17 22:33:15 INFO  DbDao:27 - Constructor DbDao()...
2015-12-17 22:33:15 INFO  ProjectDbDao:25 - Constructor ProjectDbDao()...
2015-12-17 22:33:15 INFO  DbDao:27 - Constructor DbDao()...
2015-12-17 22:33:15 INFO  QuestionDbDao:27 - Constructor QuestionDbDao()...
2015-12-17 22:33:15 INFO  DbDao:27 - Constructor DbDao()...
2015-12-17 22:33:15 INFO  QuoteDbDao:24 - Constructor QuoteDbDao()...
2015-12-17 22:33:15 INFO  DbDao:27 - Constructor DbDao()...
2015-12-17 22:33:15 INFO  RewardDbDao:26 - Constructor RewardDbDao()...
2015-12-17 22:33:15 INFO  ContextLoader:347 - Root WebApplicationContext: initialization completed in 1253 ms
2015-12-17 22:33:15 INFO  ServletContext:24 - ServletContextListener started
2015-12-17 22:33:15 INFO  CategoriesServlet:39 - Starting spring autowiring...
2015-12-17 22:33:15 INFO  CategoriesServlet:41 - Ended spring autowiring...
2015-12-17 22:33:47 INFO  ServletContext:19 - ServletContextListener destroyed
2015-12-17 22:33:47 INFO  XmlWebApplicationContext:957 - Closing Root WebApplicationContext: startup date [Thu Dec 17 22:33:14 EET 2015]; root of context hierarchy
2015-12-17 22:33:49 INFO  ContextLoader:307 - Root WebApplicationContext: initialization started
2015-12-17 22:33:49 INFO  XmlWebApplicationContext:577 - Refreshing Root WebApplicationContext: startup date [Thu Dec 17 22:33:49 EET 2015]; root of context hierarchy
2015-12-17 22:33:49 INFO  XmlBeanDefinitionReader:317 - Loading XML bean definitions from class path resource [applicationContext.xml]
2015-12-17 22:33:49 INFO  DbDao:27 - Constructor DbDao()...
2015-12-17 22:33:49 INFO  CategoryDbDao:21 - Constructor CategoryDbDao()...
2015-12-17 22:33:49 INFO  DbDao:27 - Constructor DbDao()...
2015-12-17 22:33:49 INFO  DbDao:27 - Constructor DbDao()...
2015-12-17 22:33:49 INFO  ProjectDbDao:25 - Constructor ProjectDbDao()...
2015-12-17 22:33:49 INFO  DbDao:27 - Constructor DbDao()...
2015-12-17 22:33:49 INFO  QuestionDbDao:27 - Constructor QuestionDbDao()...
2015-12-17 22:33:49 INFO  DbDao:27 - Constructor DbDao()...
2015-12-17 22:33:49 INFO  QuoteDbDao:24 - Constructor QuoteDbDao()...
2015-12-17 22:33:49 INFO  DbDao:27 - Constructor DbDao()...
2015-12-17 22:33:49 INFO  RewardDbDao:26 - Constructor RewardDbDao()...
2015-12-17 22:33:50 INFO  ContextLoader:347 - Root WebApplicationContext: initialization completed in 1040 ms
2015-12-17 22:33:50 INFO  ServletContext:24 - ServletContextListener started
2015-12-17 22:33:50 INFO  CategoriesServlet:39 - Starting spring autowiring...
2015-12-17 22:33:50 INFO  CategoriesServlet:41 - Ended spring autowiring...
2015-12-17 22:33:55 INFO  ServletContext:19 - ServletContextListener destroyed
2015-12-17 22:33:55 INFO  XmlWebApplicationContext:957 - Closing Root WebApplicationContext: startup date [Thu Dec 17 22:33:49 EET 2015]; root of context hierarchy
2015-12-17 22:34:00 INFO  ContextLoader:307 - Root WebApplicationContext: initialization started
2015-12-17 22:34:00 INFO  XmlWebApplicationContext:577 - Refreshing Root WebApplicationContext: startup date [Thu Dec 17 22:34:00 EET 2015]; root of context hierarchy
2015-12-17 22:34:00 INFO  XmlBeanDefinitionReader:317 - Loading XML bean definitions from class path resource [applicationContext.xml]
2015-12-17 22:34:01 INFO  DbDao:27 - Constructor DbDao()...
2015-12-17 22:34:01 INFO  CategoryDbDao:21 - Constructor CategoryDbDao()...
2015-12-17 22:34:01 INFO  DbDao:27 - Constructor DbDao()...
2015-12-17 22:34:01 INFO  DbDao:27 - Constructor DbDao()...
2015-12-17 22:34:01 INFO  ProjectDbDao:25 - Constructor ProjectDbDao()...
2015-12-17 22:34:01 INFO  DbDao:27 - Constructor DbDao()...
2015-12-17 22:34:01 INFO  QuestionDbDao:27 - Constructor QuestionDbDao()...
2015-12-17 22:34:01 INFO  DbDao:27 - Constructor DbDao()...
2015-12-17 22:34:01 INFO  QuoteDbDao:24 - Constructor QuoteDbDao()...
2015-12-17 22:34:01 INFO  DbDao:27 - Constructor DbDao()...
2015-12-17 22:34:01 INFO  RewardDbDao:26 - Constructor RewardDbDao()...
2015-12-17 22:34:01 INFO  ContextLoader:347 - Root WebApplicationContext: initialization completed in 1500 ms
2015-12-17 22:34:01 INFO  ServletContext:24 - ServletContextListener started
2015-12-17 22:34:01 INFO  CategoriesServlet:39 - Starting spring autowiring...
2015-12-17 22:34:01 INFO  CategoriesServlet:41 - Ended spring autowiring...
2015-12-17 22:34:04 INFO  CategoriesServlet:47 - doGet()...
2015-12-17 22:34:04 INFO  DbDao:77 - <quote> get(1)...
2015-12-17 22:34:04 DEBUG DbDao:79 - <quote> get(1) built query: select text, author from quote where id = 1
2015-12-17 22:34:04 INFO  QuoteDbDao:51 - readElement()...
2015-12-17 22:34:04 DEBUG QuoteDbDao:55 - readElement() returned quote: There is only one boss. The customer. And he can fire everybody in the company from the chairman on down, simply by  spending his money somewhere else.- Author: Sam Walton
2015-12-17 22:34:04 INFO  DbDao:58 - <category> getAll()...
2015-12-17 22:34:04 DEBUG DbDao:61 - <category> getAll() built query: select id, name from category
2015-12-17 22:34:04 INFO  CategoryDbDao:32 - readElement()...
2015-12-17 22:34:04 DEBUG CategoryDbDao:36 - readElement() returned category: id: 1, name: Music
2015-12-17 22:34:04 INFO  CategoryDbDao:32 - readElement()...
2015-12-17 22:34:04 DEBUG CategoryDbDao:36 - readElement() returned category: id: 2, name: Food
2015-12-17 22:34:04 INFO  CategoryDbDao:32 - readElement()...
2015-12-17 22:34:04 DEBUG CategoryDbDao:36 - readElement() returned category: id: 3, name: Dances
2015-12-17 22:34:04 DEBUG DbDao:71 - <category> getAll() returned data: [id: 1, name: Music, id: 2, name: Food, id: 3, name: Dances]
2015-12-17 22:37:14 INFO  ServletContext:19 - ServletContextListener destroyed
2015-12-17 22:37:14 INFO  XmlWebApplicationContext:957 - Closing Root WebApplicationContext: startup date [Thu Dec 17 22:34:00 EET 2015]; root of context hierarchy
